<?xml version="1.0" encoding="UTF-8"?>
<!-- Generated by org.testng.reporters.JUnitReportReporter -->
<testsuite skipped="0" hostname="DESKTOP-QVAAKC9" name="Register.Create_Account" tests="1" failures="0" timestamp="2020-10-09T01:50:50 AEDT" time="6.870" errors="0">
  <testcase name="Create_Account" time="6.870" classname="Register.Create_Account"/>
</testsuite> <!-- Register.Create_Account -->
