<?xml version="1.0" encoding="UTF-8"?>
<!-- Generated by org.testng.reporters.JUnitReportReporter -->
<testsuite skipped="0" hostname="DESKTOP-QVAAKC9" name="Quote.Car_Quote" tests="1" failures="0" timestamp="2020-09-17T00:38:33 AEST" time="27.635" errors="0">
  <testcase name="Poncho_CarQuote" time="27.635" classname="Quote.Car_Quote"/>
</testsuite> <!-- Quote.Car_Quote -->
