<?xml version="1.0" encoding="UTF-8"?>
<!-- Generated by org.testng.reporters.JUnitReportReporter -->
<testsuite skipped="0" hostname="DESKTOP-QVAAKC9" name="Quote.Car_Quote" tests="1" failures="0" timestamp="2020-09-13T01:40:24 AEST" time="20.996" errors="0">
  <testcase name="Poncho_CarQuote" time="20.996" classname="Quote.Car_Quote"/>
</testsuite> <!-- Quote.Car_Quote -->
